
*** Running vivado
    with args -log inst_rom.vds -m64 -product Vivado -mode batch -messageDb vivado.pb -notrace -source inst_rom.tcl


****** Vivado v2017.3 (64-bit)
  **** SW Build 2018833 on Wed Oct  4 19:58:22 MDT 2017
  **** IP Build 2016188 on Wed Oct  4 21:52:56 MDT 2017
    ** Copyright 1986-2017 Xilinx, Inc. All Rights Reserved.

source inst_rom.tcl -notrace
Starting RTL Elaboration : Time (s): cpu = 00:00:08 ; elapsed = 00:00:12 . Memory (MB): peak = 399.812 ; gain = 71.352
INFO: [Synth 8-638] synthesizing module 'inst_rom' [d:/vivado/RISC-V/RISC-V.srcs/sources_1/ip/inst_rom/synth/inst_rom.vhd:68]
INFO: [Synth 8-256] done synthesizing module 'inst_rom' (9#1) [d:/vivado/RISC-V/RISC-V.srcs/sources_1/ip/inst_rom/synth/inst_rom.vhd:68]
Finished RTL Elaboration : Time (s): cpu = 00:01:11 ; elapsed = 00:01:15 . Memory (MB): peak = 609.430 ; gain = 280.969
Finished RTL Optimization Phase 1 : Time (s): cpu = 00:01:11 ; elapsed = 00:01:15 . Memory (MB): peak = 609.430 ; gain = 280.969
INFO: [Device 21-403] Loading part xc7vx485tffg1157-1
Constraint Validation Runtime : Time (s): cpu = 00:00:00 ; elapsed = 00:00:00.075 . Memory (MB): peak = 835.516 ; gain = 0.000
Finished Constraint Validation : Time (s): cpu = 00:01:28 ; elapsed = 00:01:38 . Memory (MB): peak = 835.516 ; gain = 507.055
Finished Loading Part and Timing Information : Time (s): cpu = 00:01:28 ; elapsed = 00:01:38 . Memory (MB): peak = 835.516 ; gain = 507.055
Finished applying 'set_property' XDC Constraints : Time (s): cpu = 00:01:28 ; elapsed = 00:01:38 . Memory (MB): peak = 835.516 ; gain = 507.055
Finished RTL Optimization Phase 2 : Time (s): cpu = 00:01:28 ; elapsed = 00:01:38 . Memory (MB): peak = 835.516 ; gain = 507.055
Finished Cross Boundary and Area Optimization : Time (s): cpu = 00:01:28 ; elapsed = 00:01:39 . Memory (MB): peak = 835.516 ; gain = 507.055
Finished Applying XDC Timing Constraints : Time (s): cpu = 00:01:36 ; elapsed = 00:01:47 . Memory (MB): peak = 851.184 ; gain = 522.723
Finished Timing Optimization : Time (s): cpu = 00:01:36 ; elapsed = 00:01:47 . Memory (MB): peak = 851.184 ; gain = 522.723
Finished Technology Mapping : Time (s): cpu = 00:01:36 ; elapsed = 00:01:47 . Memory (MB): peak = 860.320 ; gain = 531.859
Finished IO Insertion : Time (s): cpu = 00:01:37 ; elapsed = 00:01:48 . Memory (MB): peak = 860.320 ; gain = 531.859
Finished Renaming Generated Instances : Time (s): cpu = 00:01:37 ; elapsed = 00:01:48 . Memory (MB): peak = 860.320 ; gain = 531.859
Finished Rebuilding User Hierarchy : Time (s): cpu = 00:01:37 ; elapsed = 00:01:48 . Memory (MB): peak = 860.320 ; gain = 531.859
Finished Renaming Generated Ports : Time (s): cpu = 00:01:37 ; elapsed = 00:01:48 . Memory (MB): peak = 860.320 ; gain = 531.859
Finished Handling Custom Attributes : Time (s): cpu = 00:01:37 ; elapsed = 00:01:48 . Memory (MB): peak = 860.320 ; gain = 531.859
Finished Renaming Generated Nets : Time (s): cpu = 00:01:37 ; elapsed = 00:01:48 . Memory (MB): peak = 860.320 ; gain = 531.859

Report Cell Usage: 
+------+-----------+------+
|      |Cell       |Count |
+------+-----------+------+
|1     |RAMB36E1   |     1|
|2     |RAMB36E1_1 |     1|
+------+-----------+------+
Finished Writing Synthesis Report : Time (s): cpu = 00:01:37 ; elapsed = 00:01:48 . Memory (MB): peak = 860.320 ; gain = 531.859
synth_design: Time (s): cpu = 00:01:39 ; elapsed = 00:01:54 . Memory (MB): peak = 885.430 ; gain = 595.570
