
*** Running vivado
    with args -log clk_wiz_0.vds -m64 -product Vivado -mode batch -messageDb vivado.pb -notrace -source clk_wiz_0.tcl


****** Vivado v2017.3 (64-bit)
  **** SW Build 2018833 on Wed Oct  4 19:58:22 MDT 2017
  **** IP Build 2016188 on Wed Oct  4 21:52:56 MDT 2017
    ** Copyright 1986-2017 Xilinx, Inc. All Rights Reserved.

source clk_wiz_0.tcl -notrace
Starting RTL Elaboration : Time (s): cpu = 00:00:06 ; elapsed = 00:00:10 . Memory (MB): peak = 398.871 ; gain = 70.195
INFO: [Synth 8-638] synthesizing module 'clk_wiz_0' [d:/vivado/RISC-V/RISC-V.srcs/sources_1/ip/clk_wiz_0/clk_wiz_0.v:70]
INFO: [Synth 8-638] synthesizing module 'clk_wiz_0_clk_wiz' [d:/vivado/RISC-V/RISC-V.srcs/sources_1/ip/clk_wiz_0/clk_wiz_0_clk_wiz.v:68]
INFO: [Synth 8-638] synthesizing module 'IBUF' [D:/vivado/2017.3/scripts/rt/data/unisim_comp.v:19468]
INFO: [Synth 8-256] done synthesizing module 'IBUF' (1#1) [D:/vivado/2017.3/scripts/rt/data/unisim_comp.v:19468]
INFO: [Synth 8-638] synthesizing module 'MMCME2_ADV' [D:/vivado/2017.3/scripts/rt/data/unisim_comp.v:25757]
INFO: [Synth 8-256] done synthesizing module 'MMCME2_ADV' (2#1) [D:/vivado/2017.3/scripts/rt/data/unisim_comp.v:25757]
INFO: [Synth 8-638] synthesizing module 'BUFG' [D:/vivado/2017.3/scripts/rt/data/unisim_comp.v:607]
INFO: [Synth 8-256] done synthesizing module 'BUFG' (3#1) [D:/vivado/2017.3/scripts/rt/data/unisim_comp.v:607]
INFO: [Synth 8-256] done synthesizing module 'clk_wiz_0_clk_wiz' (4#1) [d:/vivado/RISC-V/RISC-V.srcs/sources_1/ip/clk_wiz_0/clk_wiz_0_clk_wiz.v:68]
INFO: [Synth 8-256] done synthesizing module 'clk_wiz_0' (5#1) [d:/vivado/RISC-V/RISC-V.srcs/sources_1/ip/clk_wiz_0/clk_wiz_0.v:70]
Finished RTL Elaboration : Time (s): cpu = 00:00:07 ; elapsed = 00:00:11 . Memory (MB): peak = 441.328 ; gain = 112.652
Finished RTL Optimization Phase 1 : Time (s): cpu = 00:00:07 ; elapsed = 00:00:11 . Memory (MB): peak = 441.328 ; gain = 112.652
INFO: [Device 21-403] Loading part xc7vx485tffg1157-1
Constraint Validation Runtime : Time (s): cpu = 00:00:00 ; elapsed = 00:00:00.033 . Memory (MB): peak = 815.871 ; gain = 0.000
Finished Constraint Validation : Time (s): cpu = 00:00:23 ; elapsed = 00:00:33 . Memory (MB): peak = 815.871 ; gain = 487.195
Finished Loading Part and Timing Information : Time (s): cpu = 00:00:23 ; elapsed = 00:00:33 . Memory (MB): peak = 815.871 ; gain = 487.195
Finished applying 'set_property' XDC Constraints : Time (s): cpu = 00:00:23 ; elapsed = 00:00:33 . Memory (MB): peak = 815.871 ; gain = 487.195
Finished RTL Optimization Phase 2 : Time (s): cpu = 00:00:23 ; elapsed = 00:00:33 . Memory (MB): peak = 815.871 ; gain = 487.195
Finished Cross Boundary and Area Optimization : Time (s): cpu = 00:00:24 ; elapsed = 00:00:33 . Memory (MB): peak = 815.871 ; gain = 487.195
Finished Applying XDC Timing Constraints : Time (s): cpu = 00:00:31 ; elapsed = 00:00:41 . Memory (MB): peak = 832.758 ; gain = 504.082
Finished Timing Optimization : Time (s): cpu = 00:00:31 ; elapsed = 00:00:41 . Memory (MB): peak = 832.758 ; gain = 504.082
Finished Technology Mapping : Time (s): cpu = 00:00:31 ; elapsed = 00:00:41 . Memory (MB): peak = 841.895 ; gain = 513.219
Finished IO Insertion : Time (s): cpu = 00:00:32 ; elapsed = 00:00:42 . Memory (MB): peak = 841.895 ; gain = 513.219
Finished Renaming Generated Instances : Time (s): cpu = 00:00:32 ; elapsed = 00:00:42 . Memory (MB): peak = 841.895 ; gain = 513.219
Finished Rebuilding User Hierarchy : Time (s): cpu = 00:00:32 ; elapsed = 00:00:42 . Memory (MB): peak = 841.895 ; gain = 513.219
Finished Renaming Generated Ports : Time (s): cpu = 00:00:32 ; elapsed = 00:00:42 . Memory (MB): peak = 841.895 ; gain = 513.219
Finished Handling Custom Attributes : Time (s): cpu = 00:00:32 ; elapsed = 00:00:42 . Memory (MB): peak = 841.895 ; gain = 513.219
Finished Renaming Generated Nets : Time (s): cpu = 00:00:32 ; elapsed = 00:00:42 . Memory (MB): peak = 841.895 ; gain = 513.219

Report Cell Usage: 
+------+-----------+------+
|      |Cell       |Count |
+------+-----------+------+
|1     |BUFG       |     2|
|2     |MMCME2_ADV |     1|
|3     |IBUF       |     1|
+------+-----------+------+
Finished Writing Synthesis Report : Time (s): cpu = 00:00:32 ; elapsed = 00:00:42 . Memory (MB): peak = 841.895 ; gain = 513.219
synth_design: Time (s): cpu = 00:00:34 ; elapsed = 00:00:46 . Memory (MB): peak = 868.008 ; gain = 578.461
