
*** Running vivado
    with args -log inst_rom.vds -m64 -product Vivado -mode batch -messageDb vivado.pb -notrace -source inst_rom.tcl


****** Vivado v2017.3 (64-bit)
  **** SW Build 2018833 on Wed Oct  4 19:58:22 MDT 2017
  **** IP Build 2016188 on Wed Oct  4 21:52:56 MDT 2017
    ** Copyright 1986-2017 Xilinx, Inc. All Rights Reserved.

source inst_rom.tcl -notrace
Starting RTL Elaboration : Time (s): cpu = 00:00:08 ; elapsed = 00:00:11 . Memory (MB): peak = 399.609 ; gain = 71.445
INFO: [Synth 8-638] synthesizing module 'inst_rom' [d:/vivado/RISC-V/RISC-V.srcs/sources_1/ip/inst_rom/synth/inst_rom.vhd:68]
INFO: [Synth 8-256] done synthesizing module 'inst_rom' (9#1) [d:/vivado/RISC-V/RISC-V.srcs/sources_1/ip/inst_rom/synth/inst_rom.vhd:68]
Finished RTL Elaboration : Time (s): cpu = 00:01:10 ; elapsed = 00:01:15 . Memory (MB): peak = 609.133 ; gain = 280.969
Finished RTL Optimization Phase 1 : Time (s): cpu = 00:01:10 ; elapsed = 00:01:15 . Memory (MB): peak = 609.133 ; gain = 280.969
INFO: [Device 21-403] Loading part xc7vx485tffg1157-1
Constraint Validation Runtime : Time (s): cpu = 00:00:00 ; elapsed = 00:00:00.056 . Memory (MB): peak = 835.230 ; gain = 0.000
Finished Constraint Validation : Time (s): cpu = 00:01:25 ; elapsed = 00:01:37 . Memory (MB): peak = 835.230 ; gain = 507.066
Finished Loading Part and Timing Information : Time (s): cpu = 00:01:25 ; elapsed = 00:01:38 . Memory (MB): peak = 835.230 ; gain = 507.066
Finished applying 'set_property' XDC Constraints : Time (s): cpu = 00:01:25 ; elapsed = 00:01:38 . Memory (MB): peak = 835.230 ; gain = 507.066
Finished RTL Optimization Phase 2 : Time (s): cpu = 00:01:25 ; elapsed = 00:01:38 . Memory (MB): peak = 835.230 ; gain = 507.066
Finished Cross Boundary and Area Optimization : Time (s): cpu = 00:01:26 ; elapsed = 00:01:39 . Memory (MB): peak = 835.230 ; gain = 507.066
Finished Applying XDC Timing Constraints : Time (s): cpu = 00:01:33 ; elapsed = 00:01:47 . Memory (MB): peak = 847.793 ; gain = 519.629
Finished Timing Optimization : Time (s): cpu = 00:01:33 ; elapsed = 00:01:47 . Memory (MB): peak = 847.793 ; gain = 519.629
Finished Technology Mapping : Time (s): cpu = 00:01:33 ; elapsed = 00:01:47 . Memory (MB): peak = 859.941 ; gain = 531.777
Finished IO Insertion : Time (s): cpu = 00:01:34 ; elapsed = 00:01:47 . Memory (MB): peak = 859.941 ; gain = 531.777
Finished Renaming Generated Instances : Time (s): cpu = 00:01:34 ; elapsed = 00:01:47 . Memory (MB): peak = 859.941 ; gain = 531.777
Finished Rebuilding User Hierarchy : Time (s): cpu = 00:01:34 ; elapsed = 00:01:47 . Memory (MB): peak = 859.941 ; gain = 531.777
Finished Renaming Generated Ports : Time (s): cpu = 00:01:34 ; elapsed = 00:01:47 . Memory (MB): peak = 859.941 ; gain = 531.777
Finished Handling Custom Attributes : Time (s): cpu = 00:01:34 ; elapsed = 00:01:47 . Memory (MB): peak = 859.941 ; gain = 531.777
Finished Renaming Generated Nets : Time (s): cpu = 00:01:34 ; elapsed = 00:01:47 . Memory (MB): peak = 859.941 ; gain = 531.777

Report Cell Usage: 
+------+-----------+------+
|      |Cell       |Count |
+------+-----------+------+
|1     |RAMB36E1   |     1|
|2     |RAMB36E1_1 |     1|
+------+-----------+------+
Finished Writing Synthesis Report : Time (s): cpu = 00:01:34 ; elapsed = 00:01:47 . Memory (MB): peak = 859.941 ; gain = 531.777
synth_design: Time (s): cpu = 00:01:35 ; elapsed = 00:01:50 . Memory (MB): peak = 885.141 ; gain = 595.328
