
*** Running vivado
    with args -log inst_rom.vds -m64 -product Vivado -mode batch -messageDb vivado.pb -notrace -source inst_rom.tcl


****** Vivado v2017.3 (64-bit)
  **** SW Build 2018833 on Wed Oct  4 19:58:22 MDT 2017
  **** IP Build 2016188 on Wed Oct  4 21:52:56 MDT 2017
    ** Copyright 1986-2017 Xilinx, Inc. All Rights Reserved.

source inst_rom.tcl -notrace
Starting RTL Elaboration : Time (s): cpu = 00:00:08 ; elapsed = 00:00:09 . Memory (MB): peak = 400.062 ; gain = 71.375
INFO: [Synth 8-638] synthesizing module 'inst_rom' [d:/vivado/RISC-V/RISC-V.srcs/sources_1/ip/inst_rom/synth/inst_rom.vhd:68]
INFO: [Synth 8-256] done synthesizing module 'inst_rom' (9#1) [d:/vivado/RISC-V/RISC-V.srcs/sources_1/ip/inst_rom/synth/inst_rom.vhd:68]
Finished RTL Elaboration : Time (s): cpu = 00:01:10 ; elapsed = 00:01:12 . Memory (MB): peak = 609.641 ; gain = 280.953
Finished RTL Optimization Phase 1 : Time (s): cpu = 00:01:10 ; elapsed = 00:01:12 . Memory (MB): peak = 609.641 ; gain = 280.953
INFO: [Device 21-403] Loading part xc7vx485tffg1157-1
Constraint Validation Runtime : Time (s): cpu = 00:00:00 ; elapsed = 00:00:00.143 . Memory (MB): peak = 835.645 ; gain = 0.000
Finished Constraint Validation : Time (s): cpu = 00:01:27 ; elapsed = 00:01:37 . Memory (MB): peak = 835.645 ; gain = 506.957
Finished Loading Part and Timing Information : Time (s): cpu = 00:01:27 ; elapsed = 00:01:37 . Memory (MB): peak = 835.645 ; gain = 506.957
Finished applying 'set_property' XDC Constraints : Time (s): cpu = 00:01:27 ; elapsed = 00:01:37 . Memory (MB): peak = 835.645 ; gain = 506.957
Finished RTL Optimization Phase 2 : Time (s): cpu = 00:01:27 ; elapsed = 00:01:37 . Memory (MB): peak = 835.645 ; gain = 506.957
Finished Cross Boundary and Area Optimization : Time (s): cpu = 00:01:27 ; elapsed = 00:01:38 . Memory (MB): peak = 835.645 ; gain = 506.957
Finished Applying XDC Timing Constraints : Time (s): cpu = 00:01:35 ; elapsed = 00:01:46 . Memory (MB): peak = 848.402 ; gain = 519.715
Finished Timing Optimization : Time (s): cpu = 00:01:35 ; elapsed = 00:01:46 . Memory (MB): peak = 848.402 ; gain = 519.715
Finished Technology Mapping : Time (s): cpu = 00:01:35 ; elapsed = 00:01:46 . Memory (MB): peak = 860.543 ; gain = 531.855
Finished IO Insertion : Time (s): cpu = 00:01:35 ; elapsed = 00:01:47 . Memory (MB): peak = 860.543 ; gain = 531.855
Finished Renaming Generated Instances : Time (s): cpu = 00:01:35 ; elapsed = 00:01:47 . Memory (MB): peak = 860.543 ; gain = 531.855
Finished Rebuilding User Hierarchy : Time (s): cpu = 00:01:35 ; elapsed = 00:01:47 . Memory (MB): peak = 860.543 ; gain = 531.855
Finished Renaming Generated Ports : Time (s): cpu = 00:01:35 ; elapsed = 00:01:47 . Memory (MB): peak = 860.543 ; gain = 531.855
Finished Handling Custom Attributes : Time (s): cpu = 00:01:35 ; elapsed = 00:01:47 . Memory (MB): peak = 860.543 ; gain = 531.855
Finished Renaming Generated Nets : Time (s): cpu = 00:01:35 ; elapsed = 00:01:47 . Memory (MB): peak = 860.543 ; gain = 531.855

Report Cell Usage: 
+------+-----------+------+
|      |Cell       |Count |
+------+-----------+------+
|1     |RAMB36E1   |     1|
|2     |RAMB36E1_1 |     1|
+------+-----------+------+
Finished Writing Synthesis Report : Time (s): cpu = 00:01:35 ; elapsed = 00:01:47 . Memory (MB): peak = 860.543 ; gain = 531.855
synth_design: Time (s): cpu = 00:01:36 ; elapsed = 00:01:52 . Memory (MB): peak = 885.652 ; gain = 596.008
